<?xml version="1.0" encoding="UTF-8"?>
<!-- Generated by org.testng.reporters.JUnitXMLReporter -->
<testsuite ignored="0" hostname="LAPTOP-LCTGBR4C" failures="0" tests="4" name="ChromeTest" time="23.043" errors="0" timestamp="2024-01-25T20:54:34 IST">
  <testcase classname="testCase.LoginPageTest" name="verifyLoginWithIncorrectCredentials" time="1.653"/>
  <testcase classname="testCase.LoginPageTest" name="verifyLoginWithIncorrectCredentials" time="0.867"/>
  <testcase classname="testCase.LoginPageTest" name="verifyLoginWithIncorrectCredentials" time="0.862"/>
  <testcase classname="testCase.LoginPageTest" name="verifyLoginWithValidDetails" time="1.413"/>
</testsuite> <!-- ChromeTest -->
