<?xml version="1.0" encoding="UTF-8"?>
<!-- Generated by org.testng.reporters.JUnitXMLReporter -->
<testsuite ignored="1" hostname="LAPTOP-LCTGBR4C" failures="0" tests="3" name="ChromeTest" time="52.413" errors="0" timestamp="2024-02-05T22:00:07 IST">
  <testcase classname="testCase.ClientsPageTest" name="verifyResetfunctionality" time="3.412"/>
  <testcase classname="testCase.ClientsPageTest" name="verifyResetfunctionality" time="3.533"/>
  <testcase classname="testCase.ClientsPageTest" name="verifyResetfunctionality" time="4.432"/>
  <testcase classname="testCase.ClientsPageTest" name="verifyValidClientSeach" time="0.0">
    <ignored/>
  </testcase> <!-- verifyValidClientSeach -->
</testsuite> <!-- ChromeTest -->
