<?xml version="1.0" encoding="UTF-8"?>
<!-- Generated by org.testng.reporters.JUnitXMLReporter -->
<testsuite ignored="0" hostname="LAPTOP-LCTGBR4C" failures="0" tests="4" name="FirefoxTest" time="44.293" errors="0" timestamp="2024-01-25T20:37:34 IST">
  <testcase classname="testCase.LoginPageTest" name="verifyLoginWithIncorrectCredentials" time="1.433"/>
  <testcase classname="testCase.LoginPageTest" name="verifyLoginWithIncorrectCredentials" time="1.151"/>
  <testcase classname="testCase.LoginPageTest" name="verifyLoginWithIncorrectCredentials" time="1.351"/>
  <testcase classname="testCase.LoginPageTest" name="verifyLoginWithValidDetails" time="0.579"/>
</testsuite> <!-- FirefoxTest -->
