<?xml version="1.0" encoding="UTF-8"?>
<testng-results ignored="1" total="4" passed="3" failed="0" skipped="0">
  <reporter-output>
  </reporter-output>
  <suite started-at="2024-02-05T21:59:14 IST" name="PayrollApplication" finished-at="2024-02-05T22:00:07 IST" duration-ms="52413">
    <groups>
      <group name="regression">
        <method signature="ClientsPageTest.verifyResetfunctionality(java.lang.String)[pri:0, instance:testCase.ClientsPageTest@7c7b252e]" name="verifyResetfunctionality" class="testCase.ClientsPageTest"/>
      </group> <!-- regression -->
    </groups>
    <test started-at="2024-02-05T21:59:14 IST" name="ChromeTest" finished-at="2024-02-05T22:00:07 IST" duration-ms="52413">
      <class name="testCase.ClientsPageTest">
        <test-method is-config="true" signature="beforeMethod(java.lang.String)[pri:0, instance:testCase.ClientsPageTest@7c7b252e]" started-at="2024-02-05T21:59:15 IST" name="beforeMethod" finished-at="2024-02-05T21:59:28 IST" duration-ms="13211" status="PASS">
          <params>
            <param index="0">
              <value>
                <![CDATA[Chrome]]>
              </value>
            </param>
          </params>
          <reporter-output>
          </reporter-output>
        </test-method> <!-- beforeMethod -->
        <test-method signature="verifyResetfunctionality(java.lang.String)[pri:0, instance:testCase.ClientsPageTest@7c7b252e]" started-at="2024-02-05T21:59:28 IST" name="verifyResetfunctionality" data-provider="client-search-data-provider" finished-at="2024-02-05T21:59:31 IST" duration-ms="3412" status="PASS">
          <params>
            <param index="0">
              <value>
                <![CDATA[Nithya]]>
              </value>
            </param>
          </params>
          <reporter-output>
          </reporter-output>
        </test-method> <!-- verifyResetfunctionality -->
        <test-method is-config="true" signature="afterMethode(org.testng.ITestResult)[pri:0, instance:testCase.ClientsPageTest@7c7b252e]" started-at="2024-02-05T21:59:31 IST" name="afterMethode" finished-at="2024-02-05T21:59:32 IST" duration-ms="213" status="PASS">
          <params>
            <param index="0">
              <value>
                <![CDATA[[TestResult name=verifyResetfunctionality status=SUCCESS method=ClientsPageTest.verifyResetfunctionality(java.lang.String)[pri:0, instance:testCase.ClientsPageTest@7c7b252e] output={null}]]]>
              </value>
            </param>
          </params>
          <reporter-output>
          </reporter-output>
        </test-method> <!-- afterMethode -->
        <test-method is-config="true" signature="beforeMethod(java.lang.String)[pri:0, instance:testCase.ClientsPageTest@7c7b252e]" started-at="2024-02-05T21:59:32 IST" name="beforeMethod" finished-at="2024-02-05T21:59:46 IST" duration-ms="14612" status="PASS">
          <params>
            <param index="0">
              <value>
                <![CDATA[Chrome]]>
              </value>
            </param>
          </params>
          <reporter-output>
          </reporter-output>
        </test-method> <!-- beforeMethod -->
        <test-method signature="verifyResetfunctionality(java.lang.String)[pri:0, instance:testCase.ClientsPageTest@7c7b252e]" started-at="2024-02-05T21:59:46 IST" name="verifyResetfunctionality" data-provider="client-search-data-provider" finished-at="2024-02-05T21:59:50 IST" duration-ms="3533" status="PASS">
          <params>
            <param index="0">
              <value>
                <![CDATA[Astar]]>
              </value>
            </param>
          </params>
          <reporter-output>
          </reporter-output>
        </test-method> <!-- verifyResetfunctionality -->
        <test-method is-config="true" signature="afterMethode(org.testng.ITestResult)[pri:0, instance:testCase.ClientsPageTest@7c7b252e]" started-at="2024-02-05T21:59:50 IST" name="afterMethode" finished-at="2024-02-05T21:59:50 IST" duration-ms="151" status="PASS">
          <params>
            <param index="0">
              <value>
                <![CDATA[[TestResult name=verifyResetfunctionality status=SUCCESS method=ClientsPageTest.verifyResetfunctionality(java.lang.String)[pri:0, instance:testCase.ClientsPageTest@7c7b252e] output={null}]]]>
              </value>
            </param>
          </params>
          <reporter-output>
          </reporter-output>
        </test-method> <!-- afterMethode -->
        <test-method is-config="true" signature="beforeMethod(java.lang.String)[pri:0, instance:testCase.ClientsPageTest@7c7b252e]" started-at="2024-02-05T21:59:50 IST" name="beforeMethod" finished-at="2024-02-05T22:00:02 IST" duration-ms="12090" status="PASS">
          <params>
            <param index="0">
              <value>
                <![CDATA[Chrome]]>
              </value>
            </param>
          </params>
          <reporter-output>
          </reporter-output>
        </test-method> <!-- beforeMethod -->
        <test-method signature="verifyResetfunctionality(java.lang.String)[pri:0, instance:testCase.ClientsPageTest@7c7b252e]" started-at="2024-02-05T22:00:02 IST" name="verifyResetfunctionality" data-provider="client-search-data-provider" finished-at="2024-02-05T22:00:07 IST" duration-ms="4432" status="PASS">
          <params>
            <param index="0">
              <value>
                <![CDATA[Sam]]>
              </value>
            </param>
          </params>
          <reporter-output>
          </reporter-output>
        </test-method> <!-- verifyResetfunctionality -->
        <test-method is-config="true" signature="afterMethode(org.testng.ITestResult)[pri:0, instance:testCase.ClientsPageTest@7c7b252e]" started-at="2024-02-05T22:00:07 IST" name="afterMethode" finished-at="2024-02-05T22:00:07 IST" duration-ms="191" status="PASS">
          <params>
            <param index="0">
              <value>
                <![CDATA[[TestResult name=verifyResetfunctionality status=SUCCESS method=ClientsPageTest.verifyResetfunctionality(java.lang.String)[pri:0, instance:testCase.ClientsPageTest@7c7b252e] output={null}]]]>
              </value>
            </param>
          </params>
          <reporter-output>
          </reporter-output>
        </test-method> <!-- afterMethode -->
      </class> <!-- testCase.ClientsPageTest -->
    </test> <!-- ChromeTest -->
  </suite> <!-- PayrollApplication -->
</testng-results>
