<?xml version="1.0" encoding="UTF-8"?>
<testng-results ignored="0" total="4" passed="4" failed="0" skipped="0">
  <reporter-output>
  </reporter-output>
  <suite started-at="2024-01-25T20:54:10 IST" name="PayrollApplication" finished-at="2024-01-25T20:54:33 IST" duration-ms="23043">
    <groups>
    </groups>
    <test started-at="2024-01-25T20:54:10 IST" name="ChromeTest" finished-at="2024-01-25T20:54:33 IST" duration-ms="23043">
      <class name="testCase.LoginPageTest">
        <test-method is-config="true" signature="beforeMethod(java.lang.String)[pri:0, instance:testCase.LoginPageTest@313ac989]" started-at="2024-01-25T20:54:11 IST" name="beforeMethod" finished-at="2024-01-25T20:54:18 IST" duration-ms="7008" status="PASS">
          <params>
            <param index="0">
              <value>
                <![CDATA[Chrome]]>
              </value>
            </param>
          </params>
          <reporter-output>
          </reporter-output>
        </test-method> <!-- beforeMethod -->
        <test-method signature="verifyLoginWithIncorrectCredentials(java.lang.String,java.lang.String)[pri:0, instance:testCase.LoginPageTest@313ac989]" started-at="2024-01-25T20:54:18 IST" name="verifyLoginWithIncorrectCredentials" data-provider="login-data-provider" finished-at="2024-01-25T20:54:20 IST" duration-ms="1653" status="PASS">
          <params>
            <param index="0">
              <value>
                <![CDATA[Carol]]>
              </value>
            </param>
            <param index="1">
              <value>
                <![CDATA[Admin]]>
              </value>
            </param>
          </params>
          <reporter-output>
          </reporter-output>
        </test-method> <!-- verifyLoginWithIncorrectCredentials -->
        <test-method is-config="true" signature="afterMethode(org.testng.ITestResult)[pri:0, instance:testCase.LoginPageTest@313ac989]" started-at="2024-01-25T20:54:20 IST" name="afterMethode" finished-at="2024-01-25T20:54:20 IST" duration-ms="218" status="PASS">
          <params>
            <param index="0">
              <value>
                <![CDATA[[TestResult name=verifyLoginWithIncorrectCredentials status=SUCCESS method=LoginPageTest.verifyLoginWithIncorrectCredentials(java.lang.String,java.lang.String)[pri:0, instance:testCase.LoginPageTest@313ac989] output={null}]]]>
              </value>
            </param>
          </params>
          <reporter-output>
          </reporter-output>
        </test-method> <!-- afterMethode -->
        <test-method is-config="true" signature="beforeMethod(java.lang.String)[pri:0, instance:testCase.LoginPageTest@313ac989]" started-at="2024-01-25T20:54:20 IST" name="beforeMethod" finished-at="2024-01-25T20:54:23 IST" duration-ms="3118" status="PASS">
          <params>
            <param index="0">
              <value>
                <![CDATA[Chrome]]>
              </value>
            </param>
          </params>
          <reporter-output>
          </reporter-output>
        </test-method> <!-- beforeMethod -->
        <test-method signature="verifyLoginWithIncorrectCredentials(java.lang.String,java.lang.String)[pri:0, instance:testCase.LoginPageTest@313ac989]" started-at="2024-01-25T20:54:23 IST" name="verifyLoginWithIncorrectCredentials" data-provider="login-data-provider" finished-at="2024-01-25T20:54:24 IST" duration-ms="867" status="PASS">
          <params>
            <param index="0">
              <value>
                <![CDATA[Admin]]>
              </value>
            </param>
            <param index="1">
              <value>
                <![CDATA[1q2w3e4]]>
              </value>
            </param>
          </params>
          <reporter-output>
          </reporter-output>
        </test-method> <!-- verifyLoginWithIncorrectCredentials -->
        <test-method is-config="true" signature="afterMethode(org.testng.ITestResult)[pri:0, instance:testCase.LoginPageTest@313ac989]" started-at="2024-01-25T20:54:24 IST" name="afterMethode" finished-at="2024-01-25T20:54:24 IST" duration-ms="276" status="PASS">
          <params>
            <param index="0">
              <value>
                <![CDATA[[TestResult name=verifyLoginWithIncorrectCredentials status=SUCCESS method=LoginPageTest.verifyLoginWithIncorrectCredentials(java.lang.String,java.lang.String)[pri:0, instance:testCase.LoginPageTest@313ac989] output={null}]]]>
              </value>
            </param>
          </params>
          <reporter-output>
          </reporter-output>
        </test-method> <!-- afterMethode -->
        <test-method is-config="true" signature="beforeMethod(java.lang.String)[pri:0, instance:testCase.LoginPageTest@313ac989]" started-at="2024-01-25T20:54:24 IST" name="beforeMethod" finished-at="2024-01-25T20:54:27 IST" duration-ms="3220" status="PASS">
          <params>
            <param index="0">
              <value>
                <![CDATA[Chrome]]>
              </value>
            </param>
          </params>
          <reporter-output>
          </reporter-output>
        </test-method> <!-- beforeMethod -->
        <test-method signature="verifyLoginWithIncorrectCredentials(java.lang.String,java.lang.String)[pri:0, instance:testCase.LoginPageTest@313ac989]" started-at="2024-01-25T20:54:27 IST" name="verifyLoginWithIncorrectCredentials" data-provider="login-data-provider" finished-at="2024-01-25T20:54:28 IST" duration-ms="862" status="PASS">
          <params>
            <param index="0">
              <value>
                <![CDATA[Admin]]>
              </value>
            </param>
            <param index="1">
              <value>
                <![CDATA[12345]]>
              </value>
            </param>
          </params>
          <reporter-output>
          </reporter-output>
        </test-method> <!-- verifyLoginWithIncorrectCredentials -->
        <test-method is-config="true" signature="afterMethode(org.testng.ITestResult)[pri:0, instance:testCase.LoginPageTest@313ac989]" started-at="2024-01-25T20:54:28 IST" name="afterMethode" finished-at="2024-01-25T20:54:28 IST" duration-ms="261" status="PASS">
          <params>
            <param index="0">
              <value>
                <![CDATA[[TestResult name=verifyLoginWithIncorrectCredentials status=SUCCESS method=LoginPageTest.verifyLoginWithIncorrectCredentials(java.lang.String,java.lang.String)[pri:0, instance:testCase.LoginPageTest@313ac989] output={null}]]]>
              </value>
            </param>
          </params>
          <reporter-output>
          </reporter-output>
        </test-method> <!-- afterMethode -->
        <test-method is-config="true" signature="beforeMethod(java.lang.String)[pri:0, instance:testCase.LoginPageTest@313ac989]" started-at="2024-01-25T20:54:28 IST" name="beforeMethod" finished-at="2024-01-25T20:54:32 IST" duration-ms="3426" status="PASS">
          <params>
            <param index="0">
              <value>
                <![CDATA[Chrome]]>
              </value>
            </param>
          </params>
          <reporter-output>
          </reporter-output>
        </test-method> <!-- beforeMethod -->
        <test-method signature="verifyLoginWithValidDetails()[pri:1, instance:testCase.LoginPageTest@313ac989]" started-at="2024-01-25T20:54:32 IST" name="verifyLoginWithValidDetails" finished-at="2024-01-25T20:54:33 IST" duration-ms="1413" status="PASS">
          <reporter-output>
          </reporter-output>
        </test-method> <!-- verifyLoginWithValidDetails -->
        <test-method is-config="true" signature="afterMethode(org.testng.ITestResult)[pri:0, instance:testCase.LoginPageTest@313ac989]" started-at="2024-01-25T20:54:33 IST" name="afterMethode" finished-at="2024-01-25T20:54:33 IST" duration-ms="249" status="PASS">
          <params>
            <param index="0">
              <value>
                <![CDATA[[TestResult name=verifyLoginWithValidDetails status=SUCCESS method=LoginPageTest.verifyLoginWithValidDetails()[pri:1, instance:testCase.LoginPageTest@313ac989] output={null}]]]>
              </value>
            </param>
          </params>
          <reporter-output>
          </reporter-output>
        </test-method> <!-- afterMethode -->
      </class> <!-- testCase.LoginPageTest -->
    </test> <!-- ChromeTest -->
  </suite> <!-- PayrollApplication -->
</testng-results>
